<?xml version="1.0" encoding="UTF-8"?>
<!-- Generated by org.testng.reporters.JUnitReportReporter -->
<testsuite hostname="DESKTOP-J238NH2" failures="0" tests="2" name="testcases.SubmitOrderTest" time="81.204" errors="0" timestamp="2024-02-08T12:46:33 IST" skipped="0">
  <testcase classname="testcases.SubmitOrderTest" name="submitOrder" time="38.681"/>
  <system-out/>
  <testcase classname="testcases.SubmitOrderTest" name="submitOrder" time="42.523"/>
  <system-out/>
</testsuite> <!-- testcases.SubmitOrderTest -->
