<?xml version="1.0" encoding="UTF-8"?>
<!-- Generated by org.testng.reporters.JUnitReportReporter -->
<testsuite hostname="DESKTOP-J238NH2" failures="0" tests="2" name="testcases.ErrorValidations" time="84.250" errors="0" timestamp="2024-02-07T21:58:35 IST" skipped="0">
  <testcase classname="testcases.ErrorValidations" name="productValidation" time="27.650"/>
  <system-out/>
  <testcase classname="testcases.ErrorValidations" name="loginErrorValidation" time="56.600"/>
  <system-out/>
</testsuite> <!-- testcases.ErrorValidations -->
